# JRE version: Java(TM) SE Runtime Environment (8.0_45-b14) (build 1.8.0_45-b14)
# Java VM: Java HotSpot(TM) 64-Bit Server VM (25.45-b02 mixed mode linux-amd64 compressed oops)
Heap:
 PSYoungGen      total 211456K, used 17550K [0x00000000eab00000, 0x00000000f8c00000, 0x0000000100000000)
  eden space 192512K, 0% used [0x00000000eab00000,0x00000000eab00000,0x00000000f6700000)
  from space 18944K, 92% used [0x00000000f6700000,0x00000000f7823ad0,0x00000000f7980000)
  to   space 17920K, 0% used [0x00000000f7a80000,0x00000000f7a80000,0x00000000f8c00000)
 ParOldGen       total 62976K, used 35774K [0x00000000c0000000, 0x00000000c3d80000, 0x00000000eab00000)
  object space 62976K, 56% used [0x00000000c0000000,0x00000000c22ef858,0x00000000c3d80000)
 Metaspace       used 7525K, capacity 8062K, committed 8192K, reserved 1056768K
  class space    used 709K, capacity 753K, committed 768K, reserved 1048576K
GC Heap History (10 events):
Event: 0,758 GC heap after
Heap after GC invocations=2 (full 0):
 PSYoungGen      total 51712K, used 3578K [0x00000000eab00000, 0x00000000ee100000, 0x0000000100000000)
  eden space 48128K, 0% used [0x00000000eab00000,0x00000000eab00000,0x00000000eda00000)
  from space 3584K, 99% used [0x00000000edd80000,0x00000000ee0fe9c8,0x00000000ee100000)
  to   space 3584K, 0% used [0x00000000eda00000,0x00000000eda00000,0x00000000edd80000)
 ParOldGen       total 62976K, used 8188K [0x00000000c0000000, 0x00000000c3d80000, 0x00000000eab00000)
  object space 62976K, 13% used [0x00000000c0000000,0x00000000c07ff0f8,0x00000000c3d80000)
 Metaspace       used 5695K, capacity 6960K, committed 7040K, reserved 1056768K
  class space    used 547K, capacity 616K, committed 640K, reserved 1048576K
}
Event: 1,162 GC heap before
{Heap before GC invocations=3 (full 0):
 PSYoungGen      total 51712K, used 51158K [0x00000000eab00000, 0x00000000ee100000, 0x0000000100000000)
  eden space 48128K, 98% used [0x00000000eab00000,0x00000000ed977018,0x00000000eda00000)
  from space 3584K, 99% used [0x00000000edd80000,0x00000000ee0fe9c8,0x00000000ee100000)
  to   space 3584K, 0% used [0x00000000eda00000,0x00000000eda00000,0x00000000edd80000)
 ParOldGen       total 62976K, used 8188K [0x00000000c0000000, 0x00000000c3d80000, 0x00000000eab00000)
  object space 62976K, 13% used [0x00000000c0000000,0x00000000c07ff0f8,0x00000000c3d80000)
 Metaspace       used 7352K, capacity 7992K, committed 8192K, reserved 1056768K
  class space    used 700K, capacity 752K, committed 768K, reserved 1048576K
Event: 1,186 GC heap after
Heap after GC invocations=3 (full 0):
 PSYoungGen      total 51712K, used 3561K [0x00000000eab00000, 0x00000000f1000000, 0x0000000100000000)
  eden space 48128K, 0% used [0x00000000eab00000,0x00000000eab00000,0x00000000eda00000)
  from space 3584K, 99% used [0x00000000eda00000,0x00000000edd7a7a8,0x00000000edd80000)
  to   space 3584K, 0% used [0x00000000f0c80000,0x00000000f0c80000,0x00000000f1000000)
 ParOldGen       total 62976K, used 18140K [0x00000000c0000000, 0x00000000c3d80000, 0x00000000eab00000)
  object space 62976K, 28% used [0x00000000c0000000,0x00000000c11b7200,0x00000000c3d80000)
 Metaspace       used 7352K, capacity 7992K, committed 8192K, reserved 1056768K
  class space    used 700K, capacity 752K, committed 768K, reserved 1048576K
}
Event: 1,356 GC heap before
{Heap before GC invocations=4 (full 0):
 PSYoungGen      total 51712K, used 51689K [0x00000000eab00000, 0x00000000f1000000, 0x0000000100000000)
  eden space 48128K, 100% used [0x00000000eab00000,0x00000000eda00000,0x00000000eda00000)
  from space 3584K, 99% used [0x00000000eda00000,0x00000000edd7a7a8,0x00000000edd80000)
  to   space 3584K, 0% used [0x00000000f0c80000,0x00000000f0c80000,0x00000000f1000000)
 ParOldGen       total 62976K, used 18140K [0x00000000c0000000, 0x00000000c3d80000, 0x00000000eab00000)
  object space 62976K, 28% used [0x00000000c0000000,0x00000000c11b7200,0x00000000c3d80000)
 Metaspace       used 7405K, capacity 7992K, committed 8192K, reserved 1056768K
  class space    used 701K, capacity 752K, committed 768K, reserved 1048576K
Event: 1,364 GC heap after
Heap after GC invocations=4 (full 0):
 PSYoungGen      total 99840K, used 3389K [0x00000000eab00000, 0x00000000f1000000, 0x0000000100000000)
  eden space 96256K, 0% used [0x00000000eab00000,0x00000000eab00000,0x00000000f0900000)
  from space 3584K, 94% used [0x00000000f0c80000,0x00000000f0fcf6f8,0x00000000f1000000)
  to   space 3584K, 0% used [0x00000000f0900000,0x00000000f0900000,0x00000000f0c80000)
 ParOldGen       total 62976K, used 20173K [0x00000000c0000000, 0x00000000c3d80000, 0x00000000eab00000)
  object space 62976K, 32% used [0x00000000c0000000,0x00000000c13b34c0,0x00000000c3d80000)
 Metaspace       used 7405K, capacity 7992K, committed 8192K, reserved 1056768K
  class space    used 701K, capacity 752K, committed 768K, reserved 1048576K
}
Event: 1,606 GC heap before
{Heap before GC invocations=5 (full 0):
 PSYoungGen      total 99840K, used 99645K [0x00000000eab00000, 0x00000000f1000000, 0x0000000100000000)
  eden space 96256K, 100% used [0x00000000eab00000,0x00000000f0900000,0x00000000f0900000)
  from space 3584K, 94% used [0x00000000f0c80000,0x00000000f0fcf6f8,0x00000000f1000000)
  to   space 3584K, 0% used [0x00000000f0900000,0x00000000f0900000,0x00000000f0c80000)
 ParOldGen       total 62976K, used 20173K [0x00000000c0000000, 0x00000000c3d80000, 0x00000000eab00000)
  object space 62976K, 32% used [0x00000000c0000000,0x00000000c13b34c0,0x00000000c3d80000)
 Metaspace       used 7511K, capacity 7998K, committed 8192K, reserved 1056768K
  class space    used 709K, capacity 753K, committed 768K, reserved 1048576K
Event: 1,624 GC heap after
Heap after GC invocations=5 (full 0):
 PSYoungGen      total 99840K, used 3570K [0x00000000eab00000, 0x00000000f8e00000, 0x0000000100000000)
  eden space 96256K, 0% used [0x00000000eab00000,0x00000000eab00000,0x00000000f0900000)
  from space 3584K, 99% used [0x00000000f0900000,0x00000000f0c7c990,0x00000000f0c80000)
  to   space 19968K, 0% used [0x00000000f7a80000,0x00000000f7a80000,0x00000000f8e00000)
 ParOldGen       total 62976K, used 31909K [0x00000000c0000000, 0x00000000c3d80000, 0x00000000eab00000)
  object space 62976K, 50% used [0x00000000c0000000,0x00000000c1f29678,0x00000000c3d80000)
 Metaspace       used 7511K, capacity 7998K, committed 8192K, reserved 1056768K
  class space    used 709K, capacity 753K, committed 768K, reserved 1048576K
}
Event: 1,849 GC heap before
{Heap before GC invocations=6 (full 0):
 PSYoungGen      total 99840K, used 97005K [0x00000000eab00000, 0x00000000f8e00000, 0x0000000100000000)
  eden space 96256K, 97% used [0x00000000eab00000,0x00000000f063ecb0,0x00000000f0900000)
  from space 3584K, 99% used [0x00000000f0900000,0x00000000f0c7c990,0x00000000f0c80000)
  to   space 19968K, 0% used [0x00000000f7a80000,0x00000000f7a80000,0x00000000f8e00000)
 ParOldGen       total 62976K, used 31909K [0x00000000c0000000, 0x00000000c3d80000, 0x00000000eab00000)
  object space 62976K, 50% used [0x00000000c0000000,0x00000000c1f29678,0x00000000c3d80000)
 Metaspace       used 7517K, capacity 7998K, committed 8192K, reserved 1056768K
  class space    used 709K, capacity 753K, committed 768K, reserved 1048576K
Event: 1,857 GC heap after
Heap after GC invocations=6 (full 0):
 PSYoungGen      total 210432K, used 5827K [0x00000000eab00000, 0x00000000f8c00000, 0x0000000100000000)
  eden space 192512K, 0% used [0x00000000eab00000,0x00000000eab00000,0x00000000f6700000)
  from space 17920K, 32% used [0x00000000f7a80000,0x00000000f8030e60,0x00000000f8c00000)
  to   space 18944K, 0% used [0x00000000f6700000,0x00000000f6700000,0x00000000f7980000)
 ParOldGen       total 62976K, used 31909K [0x00000000c0000000, 0x00000000c3d80000, 0x00000000eab00000)
  object space 62976K, 50% used [0x00000000c0000000,0x00000000c1f29678,0x00000000c3d80000)
 Metaspace       used 7517K, capacity 7998K, committed 8192K, reserved 1056768K
  class space    used 709K, capacity 753K, committed 768K, reserved 1048576K
}
Event: 2,562 GC heap before
{Heap before GC invocations=7 (full 0):
 PSYoungGen      total 210432K, used 198339K [0x00000000eab00000, 0x00000000f8c00000, 0x0000000100000000)
  eden space 192512K, 100% used [0x00000000eab00000,0x00000000f6700000,0x00000000f6700000)
  from space 17920K, 32% used [0x00000000f7a80000,0x00000000f8030e60,0x00000000f8c00000)
  to   space 18944K, 0% used [0x00000000f6700000,0x00000000f6700000,0x00000000f7980000)
 ParOldGen       total 62976K, used 31909K [0x00000000c0000000, 0x00000000c3d80000, 0x00000000eab00000)
  object space 62976K, 50% used [0x00000000c0000000,0x00000000c1f29678,0x00000000c3d80000)
 Metaspace       used 7525K, capacity 8062K, committed 8192K, reserved 1056768K
  class space    used 709K, capacity 753K, committed 768K, reserved 1048576K

